<?xml version="1.0" encoding="UTF-8"?>
<!-- Generated by org.testng.reporters.JUnitXMLReporter -->
<testsuite ignored="0" hostname="DESKTOP-2ILKCN7" failures="1" tests="11" name="Run on FIREFOX" time="44.229" errors="0" timestamp="29 Oct 2021 10:51:26 GMT">
  <testcase classname="com.hrm.employee.Level_16_Live_Coding" name="Employee_01_Add_New_Employee" time="23.887">
    <failure type="java.util.MissingFormatArgumentException" message="Format specifier &amp;apos;%s&amp;apos;">
      <![CDATA[java.util.MissingFormatArgumentException: Format specifier '%s'
at java.base/java.util.Formatter.format(Formatter.java:2688)
at java.base/java.util.Formatter.format(Formatter.java:2625)
at java.base/java.lang.String.format(String.java:3290)
at commons.BasePage.getDynamicLocator(BasePage.java:139)
at commons.BasePage.getElementSize(BasePage.java:165)
at commons.BasePage.getValueInTableIDAtColumnNameAndRowIndex(BasePage.java:650)
at com.hrm.employee.Level_16_Live_Coding.Employee_01_Add_New_Employee(Level_16_Live_Coding.java:88)
... Removed 25 stack frames]]>
    </failure>
  </testcase> <!-- Employee_01_Add_New_Employee -->
  <testcase classname="com.hrm.employee.Level_16_Live_Coding" name="Employee_02_Add_Upload_Avatar" time="0.003"/>
  <testcase classname="com.hrm.employee.Level_16_Live_Coding" name="Employee_03_Personal_Details" time="0.001"/>
  <testcase classname="com.hrm.employee.Level_16_Live_Coding" name="Employee_04_Contact_Details" time="0.0"/>
  <testcase classname="com.hrm.employee.Level_16_Live_Coding" name="Employee_05_Emergency_Details" time="0.001"/>
  <testcase classname="com.hrm.employee.Level_16_Live_Coding" name="Employee_06_Assigned_Dependents" time="0.001"/>
  <testcase classname="com.hrm.employee.Level_16_Live_Coding" name="Employee_07_Edit_View_Job" time="0.001"/>
  <testcase classname="com.hrm.employee.Level_16_Live_Coding" name="Employee_08_Edit_View_Salary" time="0.0"/>
  <testcase classname="com.hrm.employee.Level_16_Live_Coding" name="Employee_09_Edit_View_Tax" time="0.001"/>
  <testcase classname="com.hrm.employee.Level_16_Live_Coding" name="Employee_10_Qualifications" time="0.0"/>
  <testcase classname="com.hrm.employee.Level_16_Live_Coding" name="Employee_11_Search_Employee" time="0.0"/>
</testsuite> <!-- Run on FIREFOX -->
