<?xml version="1.0" encoding="UTF-8"?>
<!-- Generated by org.testng.reporters.JUnitXMLReporter -->
<testsuite ignored="0" hostname="LAPTOP-PC2TJBN7" failures="0" tests="2" name="Run on FIREFOX" time="16.947" errors="0" timestamp="16 Oct 2021 14:02:56 GMT">
  <testcase classname="com.bankguru.login.Login_01_Register_And_Login_Repeat" name="Login_01_Register_To_System" time="11.014"/>
  <testcase classname="com.bankguru.login.Login_01_Register_And_Login_Repeat" name="Login_02_Login_To_System" time="2.645"/>
</testsuite> <!-- Run on FIREFOX -->
