<?xml version="1.0" encoding="UTF-8"?>
<!-- Generated by org.testng.reporters.JUnitXMLReporter -->
<testsuite ignored="0" hostname="LAPTOP-PC2TJBN7" failures="0" tests="4" name="Run on FIREFOX" time="24.75" errors="0" timestamp="17 Oct 2021 03:26:03 GMT">
  <testcase classname="com.bankguru.login.Level_02_Register_Login_Base_Page_1" name="@BeforeClass initBrowser" time="0.0">
    <failure type="java.lang.Error" message="Unresolved compilation problem: 
	Cannot instantiate the type BasePage
">
      <![CDATA[java.lang.Error: Unresolved compilation problem: 
Cannot instantiate the type BasePage

at com.bankguru.login.Level_02_Register_Login_Base_Page_1.initBrowser(Level_02_Register_Login_Base_Page_1.java:29)
... Removed 26 stack frames]]>
    </failure>
  </testcase> <!-- @BeforeClass initBrowser -->
  <testcase classname="com.bankguru.login.Level_02_Register_Login_Base_Page_1" name="@AfterClass cleanBrowser" time="0.0">
    <skipped/>
  </testcase> <!-- @AfterClass cleanBrowser -->
  <testcase classname="com.bankguru.login.Level_01_Register_And_Login_Repeat_Yourself" name="Login_01_Register_To_System" time="18.156"/>
  <testcase classname="com.bankguru.login.Level_01_Register_And_Login_Repeat_Yourself" name="Login_02_Login_To_System" time="3.246"/>
  <testcase classname="com.bankguru.login.Level_02_Register_Login_Base_Page_1" name="Login_01_Register_To_System" time="0.0">
    <skipped/>
  </testcase> <!-- Login_01_Register_To_System -->
  <testcase classname="com.bankguru.login.Level_02_Register_Login_Base_Page_1" name="Login_02_Login_To_System" time="0.0">
    <skipped/>
  </testcase> <!-- Login_02_Login_To_System -->
</testsuite> <!-- Run on FIREFOX -->
