<?xml version="1.0" encoding="UTF-8"?>
<testng-results ignored="0" total="2" passed="2" failed="0" skipped="0">
  <reporter-output>
  </reporter-output>
  <suite started-at="2021-11-02T09:51:38Z" name="SauceLab" finished-at="2021-11-02T09:51:45Z" duration-ms="7131">
    <groups>
    </groups>
    <test started-at="2021-11-02T09:51:38Z" name="Run on FIREFOX" finished-at="2021-11-02T09:51:45Z" duration-ms="7131">
      <class name="com.saucelab.sort.Level_18_Sort">
        <test-method is-config="true" signature="beforeClass(java.lang.String, java.lang.String)[pri:0, instance:com.saucelab.sort.Level_18_Sort@428640fa]" started-at="2021-11-02T09:51:38Z" name="beforeClass" finished-at="2021-11-02T09:51:43Z" duration-ms="5418" status="PASS">
          <params>
            <param index="0">
              <value>
                <![CDATA[firefox]]>
              </value>
            </param>
            <param index="1">
              <value>
                <![CDATA[https://www.saucedemo.com/inventory.html]]>
              </value>
            </param>
          </params>
          <reporter-output>
          </reporter-output>
        </test-method> <!-- beforeClass -->
        <test-method signature="Sort_01_Name()[pri:0, instance:com.saucelab.sort.Level_18_Sort@428640fa]" started-at="2021-11-02T09:51:43Z" name="Sort_01_Name" finished-at="2021-11-02T09:51:44Z" duration-ms="509" status="PASS">
          <reporter-output>
          </reporter-output>
        </test-method> <!-- Sort_01_Name -->
        <test-method signature="Sort_02_Price()[pri:0, instance:com.saucelab.sort.Level_18_Sort@428640fa]" started-at="2021-11-02T09:51:44Z" name="Sort_02_Price" finished-at="2021-11-02T09:51:44Z" duration-ms="557" status="PASS">
          <reporter-output>
          </reporter-output>
        </test-method> <!-- Sort_02_Price -->
        <test-method is-config="true" signature="cleanBrowser()[pri:0, instance:com.saucelab.sort.Level_18_Sort@428640fa]" started-at="2021-11-02T09:51:44Z" name="cleanBrowser" finished-at="2021-11-02T09:51:45Z" duration-ms="626" status="PASS">
          <reporter-output>
          </reporter-output>
        </test-method> <!-- cleanBrowser -->
      </class> <!-- com.saucelab.sort.Level_18_Sort -->
    </test> <!-- Run on FIREFOX -->
  </suite> <!-- SauceLab -->
</testng-results>
