<?xml version="1.0" encoding="UTF-8"?>
<testng-results ignored="0" total="2" passed="0" failed="2" skipped="0">
  <reporter-output>
    <line>
      <![CDATA[[INFO ] [2021-10-25 16:00:38,164] Pre-Condition: Open browser'firefox' and navigate to 'https://demo.nopcommerce.com/'
<br>]]>
    </line>
    <line>
      <![CDATA[[INFO ] [2021-10-25 16:00:51,579] User_01_Register - Step 01: Verify Home page is displayed
<br>]]>
    </line>
    <line>
      <![CDATA[[INFO ] [2021-10-25 16:00:51,674] User_02_Login - Step 01: Click to Login link
<br>]]>
    </line>
    <line>
      <![CDATA[[INFO ] [2021-10-25 16:00:54,273] User_02_Login - Step 02: Enter to Email textbox with valuetesting66204@gmail.com
<br>]]>
    </line>
    <line>
      <![CDATA[[INFO ] [2021-10-25 16:00:54,332] User_02_Login - Step 03: Enter to Password textbox with value123456
<br>]]>
    </line>
    <line>
      <![CDATA[[INFO ] [2021-10-25 16:00:54,375] User_02_Login - Step 04: Click to Login button
<br>]]>
    </line>
    <line>
      <![CDATA[[INFO ] [2021-10-25 16:00:56,417] User_02_Login - Step 05: Verify Home Page is displayed
<br>]]>
    </line>
    <line>
      <![CDATA[[INFO ] [2021-10-25 16:01:36,974] Post-Condition: Close browser
<br>]]>
    </line>
  </reporter-output>
  <suite started-at="2021-10-25T09:00:38Z" name="Nop Commerce" finished-at="2021-10-25T09:01:37Z" duration-ms="59638">
    <groups>
    </groups>
    <test started-at="2021-10-25T09:00:38Z" name="Run on FIREFOX" finished-at="2021-10-25T09:01:37Z" duration-ms="59638">
      <class name="com.nopcommerce.login.Level_13_Register_Login_Log_Report">
        <test-method is-config="true" signature="beforeClass(java.lang.String, java.lang.String)[pri:0, instance:com.nopcommerce.login.Level_13_Register_Login_Log_Report@66f57048]" started-at="2021-10-25T09:00:38Z" name="beforeClass" finished-at="2021-10-25T09:00:51Z" duration-ms="13412" status="PASS">
          <params>
            <param index="0">
              <value>
                <![CDATA[firefox]]>
              </value>
            </param>
            <param index="1">
              <value>
                <![CDATA[https://demo.nopcommerce.com/]]>
              </value>
            </param>
          </params>
          <reporter-output>
            <line>
              <![CDATA[[INFO ] [2021-10-25 16:00:38,164] Pre-Condition: Open browser'firefox' and navigate to 'https://demo.nopcommerce.com/'
<br>]]>
            </line>
          </reporter-output>
        </test-method> <!-- beforeClass -->
        <test-method signature="Login_01_Register_To_System()[pri:0, instance:com.nopcommerce.login.Level_13_Register_Login_Log_Report@66f57048]" started-at="2021-10-25T09:00:51Z" name="Login_01_Register_To_System" finished-at="2021-10-25T09:00:51Z" duration-ms="111" status="FAIL">
          <exception class="java.lang.NullPointerException">
            <message>
              <![CDATA[Cannot invoke "pageObjects.user.nopCommerce.RegisterPageObject.sleepInSecond(long)" because "this.registerPage" is null]]>
            </message>
            <full-stacktrace>
              <![CDATA[java.lang.NullPointerException: Cannot invoke "pageObjects.user.nopCommerce.RegisterPageObject.sleepInSecond(long)" because "this.registerPage" is null
at com.nopcommerce.login.Level_13_Register_Login_Log_Report.Login_01_Register_To_System(Level_13_Register_Login_Log_Report.java:43)
at java.base/jdk.internal.reflect.NativeMethodAccessorImpl.invoke0(Native Method)
at java.base/jdk.internal.reflect.NativeMethodAccessorImpl.invoke(NativeMethodAccessorImpl.java:78)
at java.base/jdk.internal.reflect.DelegatingMethodAccessorImpl.invoke(DelegatingMethodAccessorImpl.java:43)
at java.base/java.lang.reflect.Method.invoke(Method.java:567)
at org.testng.internal.MethodInvocationHelper.invokeMethod(MethodInvocationHelper.java:124)
at org.testng.internal.Invoker.invokeMethod(Invoker.java:583)
at org.testng.internal.Invoker.invokeTestMethod(Invoker.java:719)
at org.testng.internal.Invoker.invokeTestMethods(Invoker.java:989)
at org.testng.internal.TestMethodWorker.invokeTestMethods(TestMethodWorker.java:125)
at org.testng.internal.TestMethodWorker.run(TestMethodWorker.java:109)
at org.testng.TestRunner.privateRun(TestRunner.java:648)
at org.testng.TestRunner.run(TestRunner.java:505)
at org.testng.SuiteRunner.runTest(SuiteRunner.java:455)
at org.testng.SuiteRunner.runSequentially(SuiteRunner.java:450)
at org.testng.SuiteRunner.privateRun(SuiteRunner.java:415)
at org.testng.SuiteRunner.run(SuiteRunner.java:364)
at org.testng.SuiteRunnerWorker.runSuite(SuiteRunnerWorker.java:52)
at org.testng.SuiteRunnerWorker.run(SuiteRunnerWorker.java:84)
at org.testng.TestNG.runSuitesSequentially(TestNG.java:1208)
at org.testng.TestNG.runSuitesLocally(TestNG.java:1137)
at org.testng.TestNG.runSuites(TestNG.java:1049)
at org.testng.TestNG.run(TestNG.java:1017)
at org.testng.remote.AbstractRemoteTestNG.run(AbstractRemoteTestNG.java:115)
at org.testng.remote.RemoteTestNG.initAndRun(RemoteTestNG.java:251)
at org.testng.remote.RemoteTestNG.main(RemoteTestNG.java:77)
]]>
            </full-stacktrace>
          </exception> <!-- java.lang.NullPointerException -->
          <reporter-output>
            <line>
              <![CDATA[[INFO ] [2021-10-25 16:00:51,579] User_01_Register - Step 01: Verify Home page is displayed
<br>]]>
            </line>
          </reporter-output>
        </test-method> <!-- Login_01_Register_To_System -->
        <test-method signature="Login_02_Login_To_System()[pri:0, instance:com.nopcommerce.login.Level_13_Register_Login_Log_Report@66f57048]" started-at="2021-10-25T09:00:51Z" name="Login_02_Login_To_System" finished-at="2021-10-25T09:01:36Z" duration-ms="45299" status="FAIL">
          <exception class="org.openqa.selenium.TimeoutException">
            <message>
              <![CDATA[Expected condition failed: waiting for visibility of element located by By.xpath: //div[@id='nivo-slider'] (tried for 30 second(s) with 500 milliseconds interval)]]>
            </message>
            <full-stacktrace>
              <![CDATA[org.openqa.selenium.TimeoutException: Expected condition failed: waiting for visibility of element located by By.xpath: //div[@id='nivo-slider'] (tried for 30 second(s) with 500 milliseconds interval)
at org.openqa.selenium.support.ui.WebDriverWait.timeoutException(WebDriverWait.java:95)
at org.openqa.selenium.support.ui.FluentWait.until(FluentWait.java:272)
at commons.BasePage.waitForElementVisible(BasePage.java:440)
at pageObjects.user.nopCommerce.HomePageObject.isHomePageSliderDisplayed(HomePageObject.java:29)
at com.nopcommerce.login.Level_13_Register_Login_Log_Report.Login_02_Login_To_System(Level_13_Register_Login_Log_Report.java:95)
at java.base/jdk.internal.reflect.NativeMethodAccessorImpl.invoke0(Native Method)
at java.base/jdk.internal.reflect.NativeMethodAccessorImpl.invoke(NativeMethodAccessorImpl.java:78)
at java.base/jdk.internal.reflect.DelegatingMethodAccessorImpl.invoke(DelegatingMethodAccessorImpl.java:43)
at java.base/java.lang.reflect.Method.invoke(Method.java:567)
at org.testng.internal.MethodInvocationHelper.invokeMethod(MethodInvocationHelper.java:124)
at org.testng.internal.Invoker.invokeMethod(Invoker.java:583)
at org.testng.internal.Invoker.invokeTestMethod(Invoker.java:719)
at org.testng.internal.Invoker.invokeTestMethods(Invoker.java:989)
at org.testng.internal.TestMethodWorker.invokeTestMethods(TestMethodWorker.java:125)
at org.testng.internal.TestMethodWorker.run(TestMethodWorker.java:109)
at org.testng.TestRunner.privateRun(TestRunner.java:648)
at org.testng.TestRunner.run(TestRunner.java:505)
at org.testng.SuiteRunner.runTest(SuiteRunner.java:455)
at org.testng.SuiteRunner.runSequentially(SuiteRunner.java:450)
at org.testng.SuiteRunner.privateRun(SuiteRunner.java:415)
at org.testng.SuiteRunner.run(SuiteRunner.java:364)
at org.testng.SuiteRunnerWorker.runSuite(SuiteRunnerWorker.java:52)
at org.testng.SuiteRunnerWorker.run(SuiteRunnerWorker.java:84)
at org.testng.TestNG.runSuitesSequentially(TestNG.java:1208)
at org.testng.TestNG.runSuitesLocally(TestNG.java:1137)
at org.testng.TestNG.runSuites(TestNG.java:1049)
at org.testng.TestNG.run(TestNG.java:1017)
at org.testng.remote.AbstractRemoteTestNG.run(AbstractRemoteTestNG.java:115)
at org.testng.remote.RemoteTestNG.initAndRun(RemoteTestNG.java:251)
at org.testng.remote.RemoteTestNG.main(RemoteTestNG.java:77)
Caused by: org.openqa.selenium.NoSuchElementException: Unable to locate element: //div[@id='nivo-slider']
For documentation on this error, please visit: https://www.seleniumhq.org/exceptions/no_such_element.html
Build info: version: '3.141.59', revision: 'e82be7d358', time: '2018-11-14T08:25:53'
System info: host: 'DESKTOP-2ILKCN7', ip: '192.168.10.79', os.name: 'Windows 10', os.arch: 'amd64', os.version: '10.0', java.version: '16.0.2'
Driver info: org.openqa.selenium.firefox.FirefoxDriver
Capabilities {acceptInsecureCerts: true, browserName: firefox, browserVersion: 93.0, javascriptEnabled: true, moz:accessibilityChecks: false, moz:buildID: 20210927210923, moz:geckodriverVersion: 0.30.0, moz:headless: false, moz:processID: 2200, moz:profile: C:\Users\ADMIN\AppData\Loca..., moz:shutdownTimeout: 60000, moz:useNonSpecCompliantPointerOrigin: false, moz:webdriverClick: true, pageLoadStrategy: normal, platform: WINDOWS, platformName: WINDOWS, platformVersion: 10.0, proxy: Proxy(), setWindowRect: true, strictFileInteractability: false, timeouts: {implicit: 0, pageLoad: 300000, script: 30000}, unhandledPromptBehavior: dismiss and notify}
Session ID: 169357d2-f750-49c4-9825-41035745d2c3
*** Element info: {Using=xpath, value=//div[@id='nivo-slider']}
at java.base/jdk.internal.reflect.NativeConstructorAccessorImpl.newInstance0(Native Method)
at java.base/jdk.internal.reflect.NativeConstructorAccessorImpl.newInstance(NativeConstructorAccessorImpl.java:78)
at java.base/jdk.internal.reflect.DelegatingConstructorAccessorImpl.newInstance(DelegatingConstructorAccessorImpl.java:45)
at java.base/java.lang.reflect.Constructor.newInstanceWithCaller(Constructor.java:499)
at java.base/java.lang.reflect.Constructor.newInstance(Constructor.java:480)
at org.openqa.selenium.remote.http.W3CHttpResponseCodec.createException(W3CHttpResponseCodec.java:187)
at org.openqa.selenium.remote.http.W3CHttpResponseCodec.decode(W3CHttpResponseCodec.java:122)
at org.openqa.selenium.remote.http.W3CHttpResponseCodec.decode(W3CHttpResponseCodec.java:49)
at org.openqa.selenium.remote.HttpCommandExecutor.execute(HttpCommandExecutor.java:158)
at org.openqa.selenium.remote.service.DriverCommandExecutor.execute(DriverCommandExecutor.java:83)
at org.openqa.selenium.remote.RemoteWebDriver.execute(RemoteWebDriver.java:552)
at org.openqa.selenium.remote.RemoteWebDriver.findElement(RemoteWebDriver.java:323)
at org.openqa.selenium.remote.RemoteWebDriver.findElementByXPath(RemoteWebDriver.java:428)
at org.openqa.selenium.By$ByXPath.findElement(By.java:353)
at org.openqa.selenium.remote.RemoteWebDriver.findElement(RemoteWebDriver.java:315)
at org.openqa.selenium.support.ui.ExpectedConditions$7.apply(ExpectedConditions.java:205)
at org.openqa.selenium.support.ui.ExpectedConditions$7.apply(ExpectedConditions.java:201)
at org.openqa.selenium.support.ui.FluentWait.until(FluentWait.java:249)
... 28 more
]]>
            </full-stacktrace>
          </exception> <!-- org.openqa.selenium.TimeoutException -->
          <reporter-output>
            <line>
              <![CDATA[[INFO ] [2021-10-25 16:00:51,674] User_02_Login - Step 01: Click to Login link
<br>]]>
            </line>
            <line>
              <![CDATA[[INFO ] [2021-10-25 16:00:54,273] User_02_Login - Step 02: Enter to Email textbox with valuetesting66204@gmail.com
<br>]]>
            </line>
            <line>
              <![CDATA[[INFO ] [2021-10-25 16:00:54,332] User_02_Login - Step 03: Enter to Password textbox with value123456
<br>]]>
            </line>
            <line>
              <![CDATA[[INFO ] [2021-10-25 16:00:54,375] User_02_Login - Step 04: Click to Login button
<br>]]>
            </line>
            <line>
              <![CDATA[[INFO ] [2021-10-25 16:00:56,417] User_02_Login - Step 05: Verify Home Page is displayed
<br>]]>
            </line>
          </reporter-output>
        </test-method> <!-- Login_02_Login_To_System -->
        <test-method is-config="true" signature="cleanBrowser()[pri:0, instance:com.nopcommerce.login.Level_13_Register_Login_Log_Report@66f57048]" started-at="2021-10-25T09:01:36Z" name="cleanBrowser" finished-at="2021-10-25T09:01:37Z" duration-ms="796" status="PASS">
          <reporter-output>
            <line>
              <![CDATA[[INFO ] [2021-10-25 16:01:36,974] Post-Condition: Close browser
<br>]]>
            </line>
          </reporter-output>
        </test-method> <!-- cleanBrowser -->
      </class> <!-- com.nopcommerce.login.Level_13_Register_Login_Log_Report -->
    </test> <!-- Run on FIREFOX -->
  </suite> <!-- Nop Commerce -->
</testng-results>
